\BOOKMARK [0][-]{dummy.1}{\376\377\000D\000e\000c\000l\000a\000r\000a\000t\000i\000o\000n\000\040\000o\000f\000\040\000A\000u\000t\000h\000o\000r\000s\000h\000i\000p}{}% 1
\BOOKMARK [0][-]{dummy.2}{\376\377\000A\000b\000s\000t\000r\000a\000c\000t}{}% 2
\BOOKMARK [0][-]{dummy.3}{\376\377\000C\000o\000n\000t\000e\000n\000t\000s}{}% 3
\BOOKMARK [0][-]{dummy.5}{\376\377\000L\000i\000s\000t\000\040\000o\000f\000\040\000F\000i\000g\000u\000r\000e\000s}{}% 4
\BOOKMARK [0][-]{dummy.7}{\376\377\000L\000i\000s\000t\000\040\000o\000f\000\040\000T\000a\000b\000l\000e\000s}{}% 5
\BOOKMARK [0][-]{dummy.9}{\376\377\000S\000y\000m\000b\000o\000l\000s}{}% 6
\BOOKMARK [0][-]{chapter.12}{\376\377\0001\000\040\000E\000i\000n\000l\000e\000i\000t\000u\000n\000g}{}% 7
\BOOKMARK [1][-]{section.13}{\376\377\0001\000.\0001\000\040\000M\000o\000t\000i\000v\000a\000t\000i\000o\000n}{chapter.12}% 8
\BOOKMARK [1][-]{section.15}{\376\377\0001\000.\0002\000\040\000Z\000i\000e\000l\000\040\000d\000e\000r\000\040\000A\000r\000b\000e\000i\000t}{chapter.12}% 9
\BOOKMARK [1][-]{section.16}{\376\377\0001\000.\0003\000\040\000A\000u\000f\000b\000a\000u\000\040\000d\000e\000r\000\040\000A\000r\000b\000e\000i\000t}{chapter.12}% 10
\BOOKMARK [0][-]{chapter.17}{\376\377\0002\000\040\000T\000h\000e\000o\000r\000i\000e}{}% 11
\BOOKMARK [1][-]{section.18}{\376\377\0002\000.\0001\000\040\000G\000r\000u\000n\000d\000l\000a\000g\000e\000n\000\040\000u\000n\000d\000\040\000D\000e\000f\000i\000n\000i\000t\000i\000o\000n\000e\000n}{chapter.17}% 12
\BOOKMARK [2][-]{subsection.19}{\376\377\0002\000.\0001\000.\0001\000\040\000P\000r\000o\000z\000e\000s\000s\000\040\000S\000c\000h\000e\000m\000a\000t\000a\000\040\000u\000n\000d\000\040\000I\000n\000s\000t\000a\000n\000z\000e\000n}{section.18}% 13
\BOOKMARK [2][-]{subsection.21}{\376\377\0002\000.\0001\000.\0002\000\040\000A\000k\000t\000i\000v\000i\000t\000\344\000t\000e\000n}{section.18}% 14
\BOOKMARK [2][-]{subsection.23}{\376\377\0002\000.\0001\000.\0003\000\040\000R\000o\000l\000l\000e\000n\000m\000o\000d\000e\000l\000l\000\040\000u\000n\000d\000\040\000A\000u\000t\000h\000o\000r\000i\000s\000i\000e\000r\000u\000n\000g}{section.18}% 15
\BOOKMARK [2][-]{subsection.25}{\376\377\0002\000.\0001\000.\0004\000\040\000Z\000e\000i\000t\000m\000o\000d\000e\000l\000l}{section.18}% 16
\BOOKMARK [2][-]{subsection.26}{\376\377\0002\000.\0001\000.\0005\000\040\000E\000v\000e\000n\000t\000\040\000L\000o\000g\000s}{section.18}% 17
\BOOKMARK [2][-]{subsection.29}{\376\377\0002\000.\0001\000.\0006\000\040\000D\000e\000f\000i\000n\000i\000t\000i\000o\000n\000\040\000C\000o\000n\000s\000t\000r\000a\000i\000n\000t\000s}{section.18}% 18
\BOOKMARK [2][-]{subsection.30}{\376\377\0002\000.\0001\000.\0007\000\040\000S\000c\000h\000u\000t\000z\000z\000i\000e\000l\000e}{section.18}% 19
\BOOKMARK [1][-]{section.31}{\376\377\0002\000.\0002\000\040\000H\000e\000r\000l\000e\000i\000t\000u\000n\000g\000\040\000C\000o\000n\000s\000t\000r\000a\000i\000n\000t\000s}{chapter.17}% 20
\BOOKMARK [2][-]{subsection.32}{\376\377\0002\000.\0002\000.\0001\000\040\000E\000i\000n\000\040\000p\000r\000a\000k\000t\000i\000s\000c\000h\000e\000s\000\040\000B\000e\000i\000s\000p\000i\000e\000l\000\040\000m\000i\000t\000\040\000v\000i\000e\000l\000e\000n\000\040\000E\000i\000n\000s\000c\000h\000r\000\344\000n\000k\000u\000n\000g\000e\000n}{section.31}% 21
\BOOKMARK [2][-]{subsection.44}{\376\377\0002\000.\0002\000.\0002\000\040\000A\000r\000t\000e\000n\000\040\000v\000o\000n\000\040\000C\000o\000n\000s\000t\000r\000a\000i\000n\000t\000s\000\040\000-\000\040\000H\000e\000r\000l\000e\000i\000t\000u\000n\000g}{section.31}% 22
\BOOKMARK [3][-]{subsubsection.46}{\376\377\0002\000.\0002\000.\0002\000.\0001\000\040\000s\000i\000c\000h\000\040\000g\000e\000g\000e\000n\000s\000e\000i\000t\000i\000g\000\040\000a\000u\000s\000s\000c\000h\000l\000i\000e\000\337\000e\000n\000d\000e\000\040\000T\000a\000s\000k\000s\000\040\000\050\000C\000o\000n\000f\000l\000i\000c\000t\000i\000n\000g\000\040\000T\000a\000s\000k\000s\000\051}{subsection.44}% 23
\BOOKMARK [3][-]{subsubsection.47}{\376\377\0002\000.\0002\000.\0002\000.\0002\000\040\000E\000n\000t\000a\000i\000l\000m\000e\000n\000t\000\040\000C\000o\000n\000s\000t\000r\000a\000i\000n\000t}{subsection.44}% 24
\BOOKMARK [2][-]{subsection.48}{\376\377\0002\000.\0002\000.\0003\000\040\000G\000\374\000l\000t\000i\000g\000k\000e\000i\000t\000s\000b\000e\000r\000e\000i\000c\000h\000\040\000v\000o\000n\000\040\000C\000o\000n\000s\000t\000r\000a\000i\000n\000t\000s}{section.31}% 25
\BOOKMARK [1][-]{section.49}{\376\377\0002\000.\0003\000\040\000V\000o\000r\000\374\000b\000e\000r\000l\000e\000g\000u\000n\000g\000e\000n\000\040\000z\000u\000r\000\040\000G\000r\000a\000m\000m\000a\000t\000i\000k}{chapter.17}% 26
\BOOKMARK [2][-]{subsection.50}{\376\377\0002\000.\0003\000.\0001\000\040\000W\000a\000s\000\040\000m\000u\000s\000s\000\040\000s\000i\000e\000\040\000k\000\366\000n\000n\000e\000n\000?}{section.49}% 27
\BOOKMARK [2][-]{subsection.51}{\376\377\0002\000.\0003\000.\0002\000\040\000W\000e\000i\000t\000e\000r\000f\000\374\000h\000r\000e\000n\000d\000e\000\040\000F\000r\000a\000g\000e\000n}{section.49}% 28
\BOOKMARK [1][-]{section.52}{\376\377\0002\000.\0004\000\040\000D\000e\000f\000i\000n\000i\000t\000i\000o\000n\000\040\000d\000e\000r\000\040\000G\000r\000a\000m\000m\000a\000t\000i\000k}{chapter.17}% 29
\BOOKMARK [2][-]{subsection.53}{\376\377\0002\000.\0004\000.\0001\000\040\000B\000a\000s\000i\000s\000\040\000v\000o\000n\000\040\000W\000e\000r\000t\000e\000n\000,\000\040\000A\000u\000s\000s\000a\000g\000e\000n\000.\000.\000.}{section.52}% 30
\BOOKMARK [3][-]{subsubsection.54}{\376\377\0002\000.\0004\000.\0001\000.\0001\000\040\000A\000r\000g\000u\000m\000e\000n\000t\000t\000y\000p\000e\000n\000\040\000-\000\040\000V\000a\000r\000i\000a\000b\000l\000e\000n\000\040\000u\000n\000d\000\040\000K\000o\000n\000s\000t\000a\000n\000t\000e\000n}{subsection.53}% 31
\BOOKMARK [3][-]{subsubsection.59}{\376\377\0002\000.\0004\000.\0001\000.\0002\000\040\000P\000r\000\344\000d\000i\000k\000a\000t\000e}{subsection.53}% 32
\BOOKMARK [3][-]{subsubsection.67}{\376\377\0002\000.\0004\000.\0001\000.\0003\000\040\000R\000e\000g\000e\000l\000n}{subsection.53}% 33
\BOOKMARK [2][-]{subsection.68}{\376\377\0002\000.\0004\000.\0002\000\040\000G\000r\000a\000m\000m\000a\000t\000i\000k\000\040\000-\000\040\000S\000y\000n\000t\000a\000x}{section.52}% 34
\BOOKMARK [3][-]{subsubsection.70}{\376\377\0002\000.\0004\000.\0002\000.\0001\000\040\000D\000e\000f\000i\000n\000i\000t\000i\000o\000n\000\040\000e\000i\000g\000e\000n\000e\000r\000\040\000P\000r\000\344\000d\000i\000k\000a\000t\000e}{subsection.68}% 35
\BOOKMARK [1][-]{section.72}{\376\377\0002\000.\0005\000\040\000V\000e\000r\000w\000e\000n\000d\000u\000n\000g\000\040\000d\000e\000r\000\040\000G\000r\000a\000m\000m\000a\000t\000i\000k\000,\000\040\000E\000r\000k\000l\000\344\000r\000u\000n\000g\000e\000n}{chapter.17}% 36
\BOOKMARK [2][-]{subsection.73}{\376\377\0002\000.\0005\000.\0001\000\040\000D\000i\000s\000j\000u\000n\000k\000t\000i\000o\000n}{section.72}% 37
\BOOKMARK [2][-]{subsection.76}{\376\377\0002\000.\0005\000.\0002\000\040\000U\000m\000g\000a\000n\000g\000\040\000m\000i\000t\000\040\000v\000e\000r\000s\000c\000h\000i\000e\000d\000e\000n\000e\000n\000\040\000R\000o\000l\000l\000e\000n\000m\000o\000d\000e\000l\000l\000e\000n}{section.72}% 38
\BOOKMARK [2][-]{subsection.77}{\376\377\0002\000.\0005\000.\0003\000\040\000N\000e\000g\000a\000t\000i\000o\000n}{section.72}% 39
\BOOKMARK [1][-]{section.78}{\376\377\0002\000.\0006\000\040\000k\000o\000n\000k\000r\000e\000t\000e\000s\000\040\000B\000e\000i\000s\000p\000i\000e\000l}{chapter.17}% 40
\BOOKMARK [0][-]{chapter.80}{\376\377\0003\000\040\000P\000r\000a\000x\000i\000s}{}% 41
\BOOKMARK [1][-]{section.81}{\376\377\0003\000.\0001\000\040\000I\000m\000p\000l\000e\000m\000e\000n\000t\000i\000e\000r\000u\000n\000g}{chapter.80}% 42
\BOOKMARK [2][-]{subsection.82}{\376\377\0003\000.\0001\000.\0001\000\040\000A\000u\000f\000b\000a\000u\000\040\000m\000e\000i\000n\000\040\000P\000r\000o\000g\000r\000a\000m\000m}{section.81}% 43
\BOOKMARK [2][-]{subsection.84}{\376\377\0003\000.\0001\000.\0002\000\040\000W\000i\000s\000s\000e\000n\000s\000b\000a\000s\000i\000s}{section.81}% 44
\BOOKMARK [2][-]{subsection.94}{\376\377\0003\000.\0001\000.\0003\000\040\000\334\000b\000e\000r\000s\000e\000t\000z\000u\000n\000g\000\040\000d\000e\000r\000\040\000R\000e\000g\000e\000l\000n}{section.81}% 45
\BOOKMARK [2][-]{subsection.96}{\376\377\0003\000.\0001\000.\0004\000\040\000A\000l\000g\000o\000r\000i\000t\000h\000m\000u\000s\000\040\000M\000o\000d\000e\000l\000c\000h\000e\000c\000k\000e\000r}{section.81}% 46
\BOOKMARK [0][-]{chapter.98}{\376\377\0004\000\040\000E\000r\000g\000e\000b\000n\000i\000s\000s\000e\000\040\000u\000n\000d\000\040\000D\000i\000s\000k\000u\000s\000s\000i\000o\000n}{}% 47
\BOOKMARK [1][-]{section.99}{\376\377\0004\000.\0001\000\040\000E\000v\000a\000l\000u\000a\000t\000i\000o\000n}{chapter.98}% 48
\BOOKMARK [2][-]{subsection.100}{\376\377\0004\000.\0001\000.\0001\000\040\000M\000e\000i\000n\000\040\000B\000e\000i\000s\000p\000i\000e\000l\000\040\000m\000i\000t\000\040\000e\000i\000n\000\040\000p\000a\000a\000r\000\040\000L\000o\000g\000s\000\040\000u\000n\000t\000e\000r\000s\000u\000c\000h\000e\000n}{section.99}% 49
\BOOKMARK [0][-]{chapter.101}{\376\377\0005\000\040\000V\000e\000r\000w\000a\000n\000d\000t\000e\000\040\000A\000r\000b\000e\000i\000t}{}% 50
\BOOKMARK [1][-]{section.102}{\376\377\0005\000.\0001\000\040\000R\000e\000l\000a\000t\000e\000d\000\040\000w\000o\000r\000k}{chapter.101}% 51
\BOOKMARK [2][-]{subsection.103}{\376\377\0005\000.\0001\000.\0001\000\040\000G\000e\000s\000c\000h\000i\000c\000h\000t\000e}{section.102}% 52
\BOOKMARK [2][-]{subsection.104}{\376\377\0005\000.\0001\000.\0002\000\040\000H\000e\000u\000t\000e}{section.102}% 53
\BOOKMARK [2][-]{subsection.105}{\376\377\0005\000.\0001\000.\0003\000\040\000w\000a\000r\000n\000e\000r\000\040\000i\000n\000t\000e\000r\000-\000I\000n\000s\000t\000a\000n\000c\000e}{section.102}% 54
\BOOKMARK [2][-]{subsection.106}{\376\377\0005\000.\0001\000.\0004\000\040\000l\000e\000i\000t\000n\000e\000r\000\040\000i\000n\000s\000t\000a\000n\000c\000e\000-\000s\000p\000a\000n\000n\000i\000n\000g}{section.102}% 55
\BOOKMARK [2][-]{subsection.107}{\376\377\0005\000.\0001\000.\0005\000\040\000t\000a\000n\000\040\000c\000o\000n\000s\000i\000s\000t\000e\000n\000c\000y}{section.102}% 56
\BOOKMARK [2][-]{subsection.108}{\376\377\0005\000.\0001\000.\0006\000\040\000P\000r\000o\000M\000\040\000-\000\040\000S\000C\000I\000F\000F\000c\000h\000e\000c\000k\000e\000r}{section.102}% 57
\BOOKMARK [0][-]{chapter.109}{\376\377\0006\000\040\000A\000u\000s\000b\000l\000i\000c\000k}{}% 58
\BOOKMARK [0][-]{appendix.110}{\376\377\000A\000\040\000W\000e\000i\000t\000e\000r\000e\000\040\000B\000e\000i\000s\000p\000i\000e\000l\000e\000\040\000f\000\374\000r\000\040\000d\000i\000e\000\040\000B\000e\000n\000u\000t\000z\000u\000n\000g\000\040\000d\000e\000r\000\040\000G\000r\000a\000m\000m\000a\000t\000i\000k}{}% 59
\BOOKMARK [0][-]{appendix.111}{\376\377\000B\000\040\000A\000r\000g\000u\000m\000e\000n\000t\000e\000\040\000u\000n\000d\000\040\000K\000o\000n\000f\000i\000g\000u\000r\000a\000t\000i\000o\000n}{}% 60
\BOOKMARK [0][-]{appendix.113}{\376\377\000C\000\040\000U\000s\000e\000r\000\040\000M\000a\000n\000u\000a\000l}{}% 61
\BOOKMARK [0][-]{appendix.119}{\376\377\000D\000\040\000G\000r\000a\000m\000m\000a\000t\000i\000k}{}% 62
\BOOKMARK [0][-]{dummy.120}{\376\377\000L\000i\000t\000e\000r\000a\000t\000u\000r\000v\000e\000r\000z\000e\000i\000c\000h\000n\000i\000s}{}% 63
